{"/home/mike/development/weather-app/src/bootstrap.js": {"path":"/home/mike/development/weather-app/src/bootstrap.js","statementMap":{"0":{"start":{"line":9,"column":15},"end":{"line":9,"column":41}},"1":{"start":{"line":10,"column":1},"end":{"line":10,"column":71}}},"fnMap":{"0":{"name":"bootstrap","decl":{"start":{"line":8,"column":24},"end":{"line":8,"column":33}},"loc":{"start":{"line":8,"column":58},"end":{"line":11,"column":1}},"line":8}},"branchMap":{},"s":{"0":1,"1":1},"f":{"0":1},"b":{},"_coverageSchema":"332fd63041d2c1bcb487cc26dd0d5f7d97098a6c","hash":"041b940c6d7aa3e42d8192d256dc7c5ebb75c1d8"}
,"/home/mike/development/weather-app/src/index.js": {"path":"/home/mike/development/weather-app/src/index.js","statementMap":{"0":{"start":{"line":1,"column":58},"end":{"line":1,"column":107}}},"fnMap":{},"branchMap":{},"s":{"0":0},"f":{},"b":{}}
,"/home/mike/development/weather-app/src/api/api.js": {"path":"/home/mike/development/weather-app/src/api/api.js","statementMap":{"0":{"start":{"line":4,"column":20},"end":{"line":4,"column":38}}},"fnMap":{},"branchMap":{},"s":{"0":1},"f":{},"b":{},"_coverageSchema":"332fd63041d2c1bcb487cc26dd0d5f7d97098a6c","hash":"2a17fbb0325253138baa25c32caad212a6f370c2"}
,"/home/mike/development/weather-app/src/api/apiFactory.js": {"path":"/home/mike/development/weather-app/src/api/apiFactory.js","statementMap":{"0":{"start":{"line":5,"column":20},"end":{"line":9,"column":1}},"1":{"start":{"line":11,"column":23},"end":{"line":14,"column":2}},"2":{"start":{"line":11,"column":37},"end":{"line":14,"column":1}},"3":{"start":{"line":12,"column":32},"end":{"line":12,"column":93}},"4":{"start":{"line":13,"column":31},"end":{"line":13,"column":91}},"5":{"start":{"line":17,"column":43},"end":{"line":17,"column":49}},"6":{"start":{"line":18,"column":23},"end":{"line":21,"column":3}},"7":{"start":{"line":23,"column":1},"end":{"line":29,"column":4}},"8":{"start":{"line":24,"column":2},"end":{"line":24,"column":55}},"9":{"start":{"line":24,"column":29},"end":{"line":24,"column":55}},"10":{"start":{"line":25,"column":2},"end":{"line":25,"column":41}},"11":{"start":{"line":26,"column":2},"end":{"line":26,"column":40}},"12":{"start":{"line":27,"column":2},"end":{"line":27,"column":38}},"13":{"start":{"line":28,"column":2},"end":{"line":28,"column":23}},"14":{"start":{"line":32,"column":2},"end":{"line":38,"column":6}},"15":{"start":{"line":33,"column":23},"end":{"line":33,"column":36}},"16":{"start":{"line":35,"column":4},"end":{"line":35,"column":67}},"17":{"start":{"line":41,"column":13},"end":{"line":41,"column":36}},"18":{"start":{"line":43,"column":1},"end":{"line":45,"column":3}}},"fnMap":{"0":{"name":"(anonymous_0)","decl":{"start":{"line":11,"column":23},"end":{"line":11,"column":24}},"loc":{"start":{"line":11,"column":37},"end":{"line":14,"column":1}},"line":11},"1":{"name":"(anonymous_1)","decl":{"start":{"line":12,"column":6},"end":{"line":12,"column":7}},"loc":{"start":{"line":12,"column":32},"end":{"line":12,"column":93}},"line":12},"2":{"name":"(anonymous_2)","decl":{"start":{"line":13,"column":7},"end":{"line":13,"column":8}},"loc":{"start":{"line":13,"column":31},"end":{"line":13,"column":91}},"line":13},"3":{"name":"apiFactory","decl":{"start":{"line":16,"column":24},"end":{"line":16,"column":34}},"loc":{"start":{"line":16,"column":43},"end":{"line":46,"column":1}},"line":16},"4":{"name":"(anonymous_4)","decl":{"start":{"line":23,"column":40},"end":{"line":23,"column":41}},"loc":{"start":{"line":23,"column":59},"end":{"line":29,"column":2}},"line":23},"5":{"name":"request","decl":{"start":{"line":31,"column":10},"end":{"line":31,"column":17}},"loc":{"start":{"line":31,"column":33},"end":{"line":39,"column":2}},"line":31},"6":{"name":"(anonymous_6)","decl":{"start":{"line":33,"column":9},"end":{"line":33,"column":10}},"loc":{"start":{"line":33,"column":23},"end":{"line":33,"column":36}},"line":33},"7":{"name":"(anonymous_7)","decl":{"start":{"line":34,"column":10},"end":{"line":34,"column":11}},"loc":{"start":{"line":34,"column":24},"end":{"line":38,"column":4}},"line":34}},"branchMap":{"0":{"loc":{"start":{"line":24,"column":2},"end":{"line":24,"column":55}},"type":"if","locations":[{"start":{"line":24,"column":2},"end":{"line":24,"column":55}},{"start":{"line":24,"column":2},"end":{"line":24,"column":55}}],"line":24}},"s":{"0":1,"1":1,"2":1,"3":0,"4":0,"5":1,"6":1,"7":1,"8":0,"9":0,"10":0,"11":0,"12":0,"13":0,"14":0,"15":0,"16":0,"17":1,"18":1},"f":{"0":1,"1":0,"2":0,"3":1,"4":0,"5":0,"6":0,"7":0},"b":{"0":[0,0]},"_coverageSchema":"332fd63041d2c1bcb487cc26dd0d5f7d97098a6c","hash":"fdc3079537f148e9f28d3a7b623bbb2d4186808a"}
,"/home/mike/development/weather-app/src/api/constants.js": {"path":"/home/mike/development/weather-app/src/api/constants.js","statementMap":{"0":{"start":{"line":1,"column":22},"end":{"line":1,"column":56}},"1":{"start":{"line":2,"column":24},"end":{"line":2,"column":56}},"2":{"start":{"line":3,"column":20},"end":{"line":3,"column":26}},"3":{"start":{"line":4,"column":21},"end":{"line":4,"column":29}}},"fnMap":{},"branchMap":{},"s":{"0":1,"1":1,"2":1,"3":1},"f":{},"b":{},"_coverageSchema":"332fd63041d2c1bcb487cc26dd0d5f7d97098a6c","hash":"bbb4b6d8c6e0454cadbb8cc7142edb4d93e11e5a"}
,"/home/mike/development/weather-app/src/api/services/weather.js": {"path":"/home/mike/development/weather-app/src/api/services/weather.js","statementMap":{"0":{"start":{"line":1,"column":26},"end":{"line":3,"column":2}},"1":{"start":{"line":1,"column":36},"end":{"line":3,"column":1}},"2":{"start":{"line":2,"column":64},"end":{"line":2,"column":130}}},"fnMap":{"0":{"name":"(anonymous_0)","decl":{"start":{"line":1,"column":26},"end":{"line":1,"column":27}},"loc":{"start":{"line":1,"column":36},"end":{"line":3,"column":1}},"line":1},"1":{"name":"(anonymous_1)","decl":{"start":{"line":2,"column":19},"end":{"line":2,"column":20}},"loc":{"start":{"line":2,"column":64},"end":{"line":2,"column":130}},"line":2}},"branchMap":{"0":{"loc":{"start":{"line":2,"column":26},"end":{"line":2,"column":44}},"type":"default-arg","locations":[{"start":{"line":2,"column":40},"end":{"line":2,"column":44}}],"line":2},"1":{"loc":{"start":{"line":2,"column":46},"end":{"line":2,"column":59}},"type":"default-arg","locations":[{"start":{"line":2,"column":53},"end":{"line":2,"column":59}}],"line":2}},"s":{"0":2,"1":2,"2":1},"f":{"0":2,"1":1},"b":{"0":[0],"1":[0]},"_coverageSchema":"332fd63041d2c1bcb487cc26dd0d5f7d97098a6c","hash":"857aaf6ca5cc3fe9ae3bda9d964e9fb93c43b6af"}
,"/home/mike/development/weather-app/src/entities/reducers.js": {"path":"/home/mike/development/weather-app/src/entities/reducers.js","statementMap":{},"fnMap":{},"branchMap":{},"s":{},"f":{},"b":{},"_coverageSchema":"332fd63041d2c1bcb487cc26dd0d5f7d97098a6c","hash":"753f6e3832a600836aaf9ca56a3b0fecbff031f3"}
,"/home/mike/development/weather-app/src/entities/forecasts/actions.js": {"path":"/home/mike/development/weather-app/src/entities/forecasts/actions.js","statementMap":{"0":{"start":{"line":1,"column":32},"end":{"line":1,"column":50}},"1":{"start":{"line":2,"column":32},"end":{"line":2,"column":50}},"2":{"start":{"line":5,"column":1},"end":{"line":7,"column":3}},"3":{"start":{"line":11,"column":1},"end":{"line":14,"column":3}},"4":{"start":{"line":17,"column":27},"end":{"line":27,"column":1}},"5":{"start":{"line":17,"column":52},"end":{"line":27,"column":1}},"6":{"start":{"line":18,"column":1},"end":{"line":18,"column":29}},"7":{"start":{"line":20,"column":1},"end":{"line":26,"column":4}},"8":{"start":{"line":21,"column":2},"end":{"line":21,"column":38}},"9":{"start":{"line":22,"column":2},"end":{"line":22,"column":18}},"10":{"start":{"line":24,"column":2},"end":{"line":24,"column":58}},"11":{"start":{"line":25,"column":2},"end":{"line":25,"column":34}}},"fnMap":{"0":{"name":"requestForecast","decl":{"start":{"line":4,"column":16},"end":{"line":4,"column":31}},"loc":{"start":{"line":4,"column":34},"end":{"line":8,"column":1}},"line":4},"1":{"name":"receiveForecast","decl":{"start":{"line":10,"column":16},"end":{"line":10,"column":31}},"loc":{"start":{"line":10,"column":42},"end":{"line":15,"column":1}},"line":10},"2":{"name":"(anonymous_2)","decl":{"start":{"line":17,"column":27},"end":{"line":17,"column":28}},"loc":{"start":{"line":17,"column":52},"end":{"line":27,"column":1}},"line":17},"3":{"name":"(anonymous_3)","decl":{"start":{"line":17,"column":52},"end":{"line":17,"column":53}},"loc":{"start":{"line":17,"column":81},"end":{"line":27,"column":1}},"line":17},"4":{"name":"(anonymous_4)","decl":{"start":{"line":20,"column":56},"end":{"line":20,"column":57}},"loc":{"start":{"line":20,"column":70},"end":{"line":23,"column":2}},"line":20},"5":{"name":"(anonymous_5)","decl":{"start":{"line":23,"column":10},"end":{"line":23,"column":11}},"loc":{"start":{"line":23,"column":24},"end":{"line":26,"column":2}},"line":23}},"branchMap":{},"s":{"0":3,"1":3,"2":0,"3":0,"4":3,"5":0,"6":0,"7":0,"8":0,"9":0,"10":0,"11":0},"f":{"0":0,"1":0,"2":0,"3":0,"4":0,"5":0},"b":{},"_coverageSchema":"332fd63041d2c1bcb487cc26dd0d5f7d97098a6c","hash":"df807fcab06cd4ff00e2b05eeb6614258c65a244"}
,"/home/mike/development/weather-app/src/entities/forecasts/reducers.js": {"path":"/home/mike/development/weather-app/src/entities/forecasts/reducers.js","statementMap":{"0":{"start":{"line":6,"column":1},"end":{"line":11,"column":2}},"1":{"start":{"line":8,"column":3},"end":{"line":8,"column":72}},"2":{"start":{"line":10,"column":3},"end":{"line":10,"column":16}}},"fnMap":{"0":{"name":"byCityId","decl":{"start":{"line":5,"column":16},"end":{"line":5,"column":24}},"loc":{"start":{"line":5,"column":59},"end":{"line":12,"column":1}},"line":5}},"branchMap":{"0":{"loc":{"start":{"line":5,"column":25},"end":{"line":5,"column":35}},"type":"default-arg","locations":[{"start":{"line":5,"column":33},"end":{"line":5,"column":35}}],"line":5},"1":{"loc":{"start":{"line":5,"column":37},"end":{"line":5,"column":57}},"type":"default-arg","locations":[{"start":{"line":5,"column":55},"end":{"line":5,"column":57}}],"line":5},"2":{"loc":{"start":{"line":6,"column":1},"end":{"line":11,"column":2}},"type":"switch","locations":[{"start":{"line":7,"column":2},"end":{"line":8,"column":72}},{"start":{"line":9,"column":2},"end":{"line":10,"column":16}}],"line":6}},"s":{"0":12,"1":1,"2":11},"f":{"0":12},"b":{"0":[10],"1":[1],"2":[1,11]},"_coverageSchema":"332fd63041d2c1bcb487cc26dd0d5f7d97098a6c","hash":"c5a250d6b4675227e504cece0f76e0934429cd2b"}
,"/home/mike/development/weather-app/src/entities/forecasts/selectors.js": {"path":"/home/mike/development/weather-app/src/entities/forecasts/selectors.js","statementMap":{"0":{"start":{"line":6,"column":1},"end":{"line":13,"column":8}},"1":{"start":{"line":7,"column":19},"end":{"line":7,"column":43}},"2":{"start":{"line":8,"column":15},"end":{"line":8,"column":81}},"3":{"start":{"line":9,"column":2},"end":{"line":9,"column":34}},"4":{"start":{"line":10,"column":2},"end":{"line":10,"column":25}},"5":{"start":{"line":11,"column":2},"end":{"line":11,"column":36}},"6":{"start":{"line":11,"column":29},"end":{"line":11,"column":34}},"7":{"start":{"line":12,"column":2},"end":{"line":12,"column":15}},"8":{"start":{"line":17,"column":25},"end":{"line":17,"column":50}},"9":{"start":{"line":18,"column":1},"end":{"line":18,"column":33}},"10":{"start":{"line":18,"column":23},"end":{"line":18,"column":33}},"11":{"start":{"line":19,"column":32},"end":{"line":19,"column":114}},"12":{"start":{"line":20,"column":1},"end":{"line":23,"column":4}},"13":{"start":{"line":21,"column":14},"end":{"line":21,"column":41}},"14":{"start":{"line":22,"column":2},"end":{"line":22,"column":40}}},"fnMap":{"0":{"name":"groupForecastIntoDays","decl":{"start":{"line":5,"column":9},"end":{"line":5,"column":30}},"loc":{"start":{"line":5,"column":41},"end":{"line":14,"column":1}},"line":5},"1":{"name":"(anonymous_1)","decl":{"start":{"line":6,"column":24},"end":{"line":6,"column":25}},"loc":{"start":{"line":6,"column":41},"end":{"line":13,"column":2}},"line":6},"2":{"name":"(anonymous_2)","decl":{"start":{"line":11,"column":19},"end":{"line":11,"column":20}},"loc":{"start":{"line":11,"column":29},"end":{"line":11,"column":34}},"line":11},"3":{"name":"getCurrentDailyForecast","decl":{"start":{"line":16,"column":16},"end":{"line":16,"column":39}},"loc":{"start":{"line":16,"column":47},"end":{"line":24,"column":1}},"line":16},"4":{"name":"(anonymous_4)","decl":{"start":{"line":20,"column":48},"end":{"line":20,"column":49}},"loc":{"start":{"line":20,"column":57},"end":{"line":23,"column":2}},"line":20}},"branchMap":{"0":{"loc":{"start":{"line":9,"column":16},"end":{"line":9,"column":33}},"type":"binary-expr","locations":[{"start":{"line":9,"column":16},"end":{"line":9,"column":27}},{"start":{"line":9,"column":31},"end":{"line":9,"column":33}}],"line":9},"1":{"loc":{"start":{"line":18,"column":1},"end":{"line":18,"column":33}},"type":"if","locations":[{"start":{"line":18,"column":1},"end":{"line":18,"column":33}},{"start":{"line":18,"column":1},"end":{"line":18,"column":33}}],"line":18},"2":{"loc":{"start":{"line":19,"column":54},"end":{"line":19,"column":113}},"type":"binary-expr","locations":[{"start":{"line":19,"column":54},"end":{"line":19,"column":107}},{"start":{"line":19,"column":111},"end":{"line":19,"column":113}}],"line":19}},"s":{"0":2,"1":8,"2":8,"3":8,"4":8,"5":8,"6":12,"7":8,"8":4,"9":4,"10":2,"11":2,"12":2,"13":2,"14":2},"f":{"0":2,"1":8,"2":12,"3":4,"4":2},"b":{"0":[8,2],"1":[2,2],"2":[2,0]},"_coverageSchema":"332fd63041d2c1bcb487cc26dd0d5f7d97098a6c","hash":"29481429b118fe6812fa1f283278736d89297bf4"}
,"/home/mike/development/weather-app/src/entities/locations/reducers.js": {"path":"/home/mike/development/weather-app/src/entities/locations/reducers.js","statementMap":{"0":{"start":{"line":6,"column":1},"end":{"line":11,"column":2}},"1":{"start":{"line":8,"column":3},"end":{"line":8,"column":72}},"2":{"start":{"line":10,"column":3},"end":{"line":10,"column":16}},"3":{"start":{"line":15,"column":1},"end":{"line":20,"column":2}},"4":{"start":{"line":17,"column":3},"end":{"line":17,"column":26}},"5":{"start":{"line":19,"column":3},"end":{"line":19,"column":16}}},"fnMap":{"0":{"name":"byId","decl":{"start":{"line":5,"column":16},"end":{"line":5,"column":20}},"loc":{"start":{"line":5,"column":55},"end":{"line":12,"column":1}},"line":5},"1":{"name":"currentId","decl":{"start":{"line":14,"column":16},"end":{"line":14,"column":25}},"loc":{"start":{"line":14,"column":60},"end":{"line":21,"column":1}},"line":14}},"branchMap":{"0":{"loc":{"start":{"line":5,"column":21},"end":{"line":5,"column":31}},"type":"default-arg","locations":[{"start":{"line":5,"column":29},"end":{"line":5,"column":31}}],"line":5},"1":{"loc":{"start":{"line":5,"column":33},"end":{"line":5,"column":53}},"type":"default-arg","locations":[{"start":{"line":5,"column":51},"end":{"line":5,"column":53}}],"line":5},"2":{"loc":{"start":{"line":6,"column":1},"end":{"line":11,"column":2}},"type":"switch","locations":[{"start":{"line":7,"column":2},"end":{"line":8,"column":72}},{"start":{"line":9,"column":2},"end":{"line":10,"column":16}}],"line":6},"3":{"loc":{"start":{"line":14,"column":26},"end":{"line":14,"column":36}},"type":"default-arg","locations":[{"start":{"line":14,"column":34},"end":{"line":14,"column":36}}],"line":14},"4":{"loc":{"start":{"line":14,"column":38},"end":{"line":14,"column":58}},"type":"default-arg","locations":[{"start":{"line":14,"column":56},"end":{"line":14,"column":58}}],"line":14},"5":{"loc":{"start":{"line":15,"column":1},"end":{"line":20,"column":2}},"type":"switch","locations":[{"start":{"line":16,"column":2},"end":{"line":17,"column":26}},{"start":{"line":18,"column":2},"end":{"line":19,"column":16}}],"line":15}},"s":{"0":12,"1":1,"2":11,"3":12,"4":1,"5":11},"f":{"0":12,"1":12},"b":{"0":[10],"1":[1],"2":[1,11],"3":[10],"4":[1],"5":[1,11]},"_coverageSchema":"332fd63041d2c1bcb487cc26dd0d5f7d97098a6c","hash":"71b3c066c657e04b8a11ef1bcec37ccdab28b983"}
,"/home/mike/development/weather-app/src/entities/locations/selectors.js": {"path":"/home/mike/development/weather-app/src/entities/locations/selectors.js","statementMap":{"0":{"start":{"line":2,"column":1},"end":{"line":2,"column":74}}},"fnMap":{"0":{"name":"getCurrentLocation","decl":{"start":{"line":1,"column":16},"end":{"line":1,"column":34}},"loc":{"start":{"line":1,"column":42},"end":{"line":3,"column":1}},"line":1}},"branchMap":{},"s":{"0":6},"f":{"0":6},"b":{},"_coverageSchema":"332fd63041d2c1bcb487cc26dd0d5f7d97098a6c","hash":"97c3a1234835b56d884038066a0847ba31e8f06d"}
,"/home/mike/development/weather-app/src/store/middleware.js": {"path":"/home/mike/development/weather-app/src/store/middleware.js","statementMap":{"0":{"start":{"line":2,"column":1},"end":{"line":8,"column":3}},"1":{"start":{"line":2,"column":36},"end":{"line":8,"column":2}},"2":{"start":{"line":2,"column":46},"end":{"line":8,"column":2}},"3":{"start":{"line":3,"column":2},"end":{"line":5,"column":3}},"4":{"start":{"line":4,"column":3},"end":{"line":4,"column":42}},"5":{"start":{"line":7,"column":2},"end":{"line":7,"column":22}}},"fnMap":{"0":{"name":"thunkMiddleware","decl":{"start":{"line":1,"column":16},"end":{"line":1,"column":31}},"loc":{"start":{"line":1,"column":37},"end":{"line":9,"column":1}},"line":1},"1":{"name":"(anonymous_1)","decl":{"start":{"line":2,"column":8},"end":{"line":2,"column":9}},"loc":{"start":{"line":2,"column":36},"end":{"line":8,"column":2}},"line":2},"2":{"name":"(anonymous_2)","decl":{"start":{"line":2,"column":36},"end":{"line":2,"column":37}},"loc":{"start":{"line":2,"column":46},"end":{"line":8,"column":2}},"line":2},"3":{"name":"(anonymous_3)","decl":{"start":{"line":2,"column":46},"end":{"line":2,"column":47}},"loc":{"start":{"line":2,"column":58},"end":{"line":8,"column":2}},"line":2}},"branchMap":{"0":{"loc":{"start":{"line":3,"column":2},"end":{"line":5,"column":3}},"type":"if","locations":[{"start":{"line":3,"column":2},"end":{"line":5,"column":3}},{"start":{"line":3,"column":2},"end":{"line":5,"column":3}}],"line":3}},"s":{"0":1,"1":1,"2":1,"3":0,"4":0,"5":0},"f":{"0":1,"1":1,"2":1,"3":0},"b":{"0":[0,0]},"_coverageSchema":"332fd63041d2c1bcb487cc26dd0d5f7d97098a6c","hash":"7634aeb77b4d258d724b6573a00b68680ac6db26"}
,"/home/mike/development/weather-app/src/store/reducer.js": {"path":"/home/mike/development/weather-app/src/store/reducer.js","statementMap":{"0":{"start":{"line":6,"column":1},"end":{"line":8,"column":4}}},"fnMap":{"0":{"name":"createReducer","decl":{"start":{"line":5,"column":24},"end":{"line":5,"column":37}},"loc":{"start":{"line":5,"column":40},"end":{"line":9,"column":1}},"line":5}},"branchMap":{},"s":{"0":1},"f":{"0":1},"b":{},"_coverageSchema":"332fd63041d2c1bcb487cc26dd0d5f7d97098a6c","hash":"687e85ceadc9dfdd4d4878499260607e2075b6ef"}
,"/home/mike/development/weather-app/src/store/store.js": {"path":"/home/mike/development/weather-app/src/store/store.js","statementMap":{"0":{"start":{"line":8,"column":20},"end":{"line":11,"column":2}},"1":{"start":{"line":10,"column":63},"end":{"line":10,"column":64}},"2":{"start":{"line":12,"column":1},"end":{"line":12,"column":62}}},"fnMap":{"0":{"name":"configureStore","decl":{"start":{"line":6,"column":24},"end":{"line":6,"column":38}},"loc":{"start":{"line":6,"column":62},"end":{"line":13,"column":1}},"line":6},"1":{"name":"(anonymous_1)","decl":{"start":{"line":10,"column":58},"end":{"line":10,"column":59}},"loc":{"start":{"line":10,"column":63},"end":{"line":10,"column":64}},"line":10}},"branchMap":{"0":{"loc":{"start":{"line":6,"column":39},"end":{"line":6,"column":55}},"type":"default-arg","locations":[{"start":{"line":6,"column":53},"end":{"line":6,"column":55}}],"line":6},"1":{"loc":{"start":{"line":10,"column":2},"end":{"line":10,"column":64}},"type":"cond-expr","locations":[{"start":{"line":10,"column":29},"end":{"line":10,"column":55}},{"start":{"line":10,"column":58},"end":{"line":10,"column":64}}],"line":10}},"s":{"0":1,"1":1,"2":1},"f":{"0":1,"1":1},"b":{"0":[0],"1":[0,1]},"_coverageSchema":"332fd63041d2c1bcb487cc26dd0d5f7d97098a6c","hash":"5925139363f4f0274bde2d73a093ea85b79745c8"}
,"/home/mike/development/weather-app/src/views/App.js": {"path":"/home/mike/development/weather-app/src/views/App.js","statementMap":{"0":{"start":{"line":10,"column":2},"end":{"line":15,"column":4}}},"fnMap":{"0":{"name":"(anonymous_0)","decl":{"start":{"line":9,"column":1},"end":{"line":9,"column":2}},"loc":{"start":{"line":9,"column":10},"end":{"line":16,"column":2}},"line":9}},"branchMap":{},"s":{"0":1},"f":{"0":1},"b":{},"_coverageSchema":"332fd63041d2c1bcb487cc26dd0d5f7d97098a6c","hash":"d6e9867836acceac4114ecd071b567ad0067b7ab"}
,"/home/mike/development/weather-app/src/views/forecasts/components/Forecast/Forecast.js": {"path":"/home/mike/development/weather-app/src/views/forecasts/components/Forecast/Forecast.js","statementMap":{"0":{"start":{"line":9,"column":33},"end":{"line":9,"column":43}},"1":{"start":{"line":10,"column":2},"end":{"line":12,"column":3}},"2":{"start":{"line":11,"column":3},"end":{"line":11,"column":109}},"3":{"start":{"line":14,"column":2},"end":{"line":29,"column":4}},"4":{"start":{"line":20,"column":7},"end":{"line":24,"column":9}}},"fnMap":{"0":{"name":"(anonymous_0)","decl":{"start":{"line":8,"column":1},"end":{"line":8,"column":2}},"loc":{"start":{"line":8,"column":10},"end":{"line":30,"column":2}},"line":8},"1":{"name":"(anonymous_1)","decl":{"start":{"line":19,"column":20},"end":{"line":19,"column":21}},"loc":{"start":{"line":19,"column":32},"end":{"line":25,"column":7}},"line":19}},"branchMap":{"0":{"loc":{"start":{"line":10,"column":2},"end":{"line":12,"column":3}},"type":"if","locations":[{"start":{"line":10,"column":2},"end":{"line":12,"column":3}},{"start":{"line":10,"column":2},"end":{"line":12,"column":3}}],"line":10}},"s":{"0":3,"1":3,"2":2,"3":1,"4":1},"f":{"0":3,"1":1},"b":{"0":[2,1]},"_coverageSchema":"332fd63041d2c1bcb487cc26dd0d5f7d97098a6c","hash":"1eba3c27d66930191ec2ca4ff8830f516bb6831d"}
,"/home/mike/development/weather-app/src/views/forecasts/components/ForecastDay/ForecastDay.js": {"path":"/home/mike/development/weather-app/src/views/forecasts/components/ForecastDay/ForecastDay.js","statementMap":{"0":{"start":{"line":7,"column":18},"end":{"line":7,"column":28}},"1":{"start":{"line":8,"column":15},"end":{"line":8,"column":38}},"2":{"start":{"line":9,"column":21},"end":{"line":9,"column":85}},"3":{"start":{"line":11,"column":2},"end":{"line":25,"column":4}},"4":{"start":{"line":19,"column":6},"end":{"line":19,"column":110}}},"fnMap":{"0":{"name":"(anonymous_0)","decl":{"start":{"line":6,"column":1},"end":{"line":6,"column":2}},"loc":{"start":{"line":6,"column":10},"end":{"line":26,"column":2}},"line":6},"1":{"name":"(anonymous_1)","decl":{"start":{"line":18,"column":22},"end":{"line":18,"column":23}},"loc":{"start":{"line":18,"column":35},"end":{"line":20,"column":6}},"line":18}},"branchMap":{},"s":{"0":1,"1":1,"2":1,"3":1,"4":1},"f":{"0":1,"1":1},"b":{},"_coverageSchema":"332fd63041d2c1bcb487cc26dd0d5f7d97098a6c","hash":"e0aad517ea37037d07b96210159a998ad6dc53a2"}
,"/home/mike/development/weather-app/src/views/forecasts/containers/ForecastContainer.js": {"path":"/home/mike/development/weather-app/src/views/forecasts/containers/ForecastContainer.js","statementMap":{"0":{"start":{"line":8,"column":24},"end":{"line":11,"column":2}},"1":{"start":{"line":8,"column":36},"end":{"line":11,"column":1}}},"fnMap":{"0":{"name":"(anonymous_0)","decl":{"start":{"line":8,"column":24},"end":{"line":8,"column":25}},"loc":{"start":{"line":8,"column":36},"end":{"line":11,"column":1}},"line":8}},"branchMap":{},"s":{"0":1,"1":1},"f":{"0":1},"b":{},"_coverageSchema":"332fd63041d2c1bcb487cc26dd0d5f7d97098a6c","hash":"549d72e332bef631d9f17a70b07c69bd9c1b76fc"}
,"/home/mike/development/weather-app/src/views/locations/components/LocationSearch/LocationSearch.js": {"path":"/home/mike/development/weather-app/src/views/locations/components/LocationSearch/LocationSearch.js","statementMap":{"0":{"start":{"line":7,"column":2},"end":{"line":7,"column":10}},"1":{"start":{"line":8,"column":2},"end":{"line":8,"column":29}},"2":{"start":{"line":12,"column":2},"end":{"line":12,"column":43}},"3":{"start":{"line":16,"column":2},"end":{"line":16,"column":40}},"4":{"start":{"line":21,"column":2},"end":{"line":23,"column":3}},"5":{"start":{"line":22,"column":3},"end":{"line":22,"column":24}},"6":{"start":{"line":27,"column":24},"end":{"line":27,"column":53}},"7":{"start":{"line":28,"column":23},"end":{"line":28,"column":51}},"8":{"start":{"line":29,"column":21},"end":{"line":29,"column":47}},"9":{"start":{"line":31,"column":2},"end":{"line":36,"column":4}}},"fnMap":{"0":{"name":"(anonymous_0)","decl":{"start":{"line":6,"column":1},"end":{"line":6,"column":2}},"loc":{"start":{"line":6,"column":15},"end":{"line":9,"column":2}},"line":6},"1":{"name":"(anonymous_1)","decl":{"start":{"line":11,"column":1},"end":{"line":11,"column":2}},"loc":{"start":{"line":11,"column":17},"end":{"line":13,"column":2}},"line":11},"2":{"name":"(anonymous_2)","decl":{"start":{"line":15,"column":1},"end":{"line":15,"column":2}},"loc":{"start":{"line":15,"column":18},"end":{"line":17,"column":2}},"line":15},"3":{"name":"(anonymous_3)","decl":{"start":{"line":19,"column":1},"end":{"line":19,"column":2}},"loc":{"start":{"line":19,"column":15},"end":{"line":24,"column":2}},"line":19},"4":{"name":"(anonymous_4)","decl":{"start":{"line":26,"column":1},"end":{"line":26,"column":2}},"loc":{"start":{"line":26,"column":10},"end":{"line":37,"column":2}},"line":26}},"branchMap":{"0":{"loc":{"start":{"line":21,"column":2},"end":{"line":23,"column":3}},"type":"if","locations":[{"start":{"line":21,"column":2},"end":{"line":23,"column":3}},{"start":{"line":21,"column":2},"end":{"line":23,"column":3}}],"line":21}},"s":{"0":3,"1":3,"2":0,"3":2,"4":1,"5":1,"6":5,"7":5,"8":5,"9":5},"f":{"0":3,"1":0,"2":2,"3":1,"4":5},"b":{"0":[1,0]},"_coverageSchema":"332fd63041d2c1bcb487cc26dd0d5f7d97098a6c","hash":"de153e1ee9887c97750a8c446c10cdfab0fe9710"}
,"/home/mike/development/weather-app/src/views/locations/containers/LocationSearchContainer.js": {"path":"/home/mike/development/weather-app/src/views/locations/containers/LocationSearchContainer.js","statementMap":{"0":{"start":{"line":6,"column":27},"end":{"line":10,"column":2}},"1":{"start":{"line":6,"column":42},"end":{"line":10,"column":1}},"2":{"start":{"line":8,"column":2},"end":{"line":8,"column":30}}},"fnMap":{"0":{"name":"(anonymous_0)","decl":{"start":{"line":6,"column":27},"end":{"line":6,"column":28}},"loc":{"start":{"line":6,"column":42},"end":{"line":10,"column":1}},"line":6},"1":{"name":"(anonymous_1)","decl":{"start":{"line":7,"column":11},"end":{"line":7,"column":12}},"loc":{"start":{"line":7,"column":21},"end":{"line":9,"column":2}},"line":7}},"branchMap":{},"s":{"0":1,"1":1,"2":0},"f":{"0":1,"1":0},"b":{},"_coverageSchema":"332fd63041d2c1bcb487cc26dd0d5f7d97098a6c","hash":"fa1370d163e6f5628b34b3721335987db91b9b4a"}
}
