TN:
SF:/home/mike/development/weather-app/src/bootstrap.js
FN:8,bootstrap
FNF:1
FNH:1
FNDA:1,bootstrap
DA:9,1
DA:10,1
LF:2
LH:2
BRF:0
BRH:0
end_of_record
TN:
SF:/home/mike/development/weather-app/src/index.js
FNF:0
FNH:0
DA:1,0
LF:1
LH:0
BRF:0
BRH:0
end_of_record
TN:
SF:/home/mike/development/weather-app/src/api/api.js
FNF:0
FNH:0
DA:4,1
LF:1
LH:1
BRF:0
BRH:0
end_of_record
TN:
SF:/home/mike/development/weather-app/src/api/apiFactory.js
FN:11,(anonymous_0)
FN:12,(anonymous_1)
FN:13,(anonymous_2)
FN:16,apiFactory
FN:23,(anonymous_4)
FN:31,request
FN:33,(anonymous_6)
FN:34,(anonymous_7)
FNF:8
FNH:2
FNDA:1,(anonymous_0)
FNDA:0,(anonymous_1)
FNDA:0,(anonymous_2)
FNDA:1,apiFactory
FNDA:0,(anonymous_4)
FNDA:0,request
FNDA:0,(anonymous_6)
FNDA:0,(anonymous_7)
DA:5,1
DA:11,1
DA:12,0
DA:13,0
DA:17,1
DA:18,1
DA:23,1
DA:24,0
DA:25,0
DA:26,0
DA:27,0
DA:28,0
DA:32,0
DA:33,0
DA:35,0
DA:41,1
DA:43,1
LF:17
LH:7
BRDA:24,0,0,0
BRDA:24,0,1,0
BRF:2
BRH:0
end_of_record
TN:
SF:/home/mike/development/weather-app/src/api/constants.js
FNF:0
FNH:0
DA:1,1
DA:2,1
DA:3,1
DA:4,1
LF:4
LH:4
BRF:0
BRH:0
end_of_record
TN:
SF:/home/mike/development/weather-app/src/api/services/weather.js
FN:1,(anonymous_0)
FN:2,(anonymous_1)
FNF:2
FNH:2
FNDA:2,(anonymous_0)
FNDA:1,(anonymous_1)
DA:1,2
DA:2,1
LF:2
LH:2
BRDA:2,0,0,0
BRDA:2,1,0,0
BRF:2
BRH:0
end_of_record
TN:
SF:/home/mike/development/weather-app/src/entities/reducers.js
FNF:0
FNH:0
LF:0
LH:0
BRF:0
BRH:0
end_of_record
TN:
SF:/home/mike/development/weather-app/src/entities/forecasts/actions.js
FN:4,requestForecast
FN:10,receiveForecast
FN:17,(anonymous_2)
FN:17,(anonymous_3)
FN:20,(anonymous_4)
FN:23,(anonymous_5)
FNF:6
FNH:0
FNDA:0,requestForecast
FNDA:0,receiveForecast
FNDA:0,(anonymous_2)
FNDA:0,(anonymous_3)
FNDA:0,(anonymous_4)
FNDA:0,(anonymous_5)
DA:1,3
DA:2,3
DA:5,0
DA:11,0
DA:17,3
DA:18,0
DA:20,0
DA:21,0
DA:22,0
DA:24,0
DA:25,0
LF:11
LH:3
BRF:0
BRH:0
end_of_record
TN:
SF:/home/mike/development/weather-app/src/entities/forecasts/reducers.js
FN:5,byCityId
FNF:1
FNH:1
FNDA:12,byCityId
DA:6,12
DA:8,1
DA:10,11
LF:3
LH:3
BRDA:5,0,0,10
BRDA:5,1,0,1
BRDA:6,2,0,1
BRDA:6,2,1,11
BRF:4
BRH:4
end_of_record
TN:
SF:/home/mike/development/weather-app/src/entities/forecasts/selectors.js
FN:5,groupForecastIntoDays
FN:6,(anonymous_1)
FN:11,(anonymous_2)
FN:16,getCurrentDailyForecast
FN:20,(anonymous_4)
FNF:5
FNH:5
FNDA:2,groupForecastIntoDays
FNDA:8,(anonymous_1)
FNDA:12,(anonymous_2)
FNDA:4,getCurrentDailyForecast
FNDA:2,(anonymous_4)
DA:6,2
DA:7,8
DA:8,8
DA:9,8
DA:10,8
DA:11,12
DA:12,8
DA:17,4
DA:18,4
DA:19,2
DA:20,2
DA:21,2
DA:22,2
LF:13
LH:13
BRDA:9,0,0,8
BRDA:9,0,1,2
BRDA:18,1,0,2
BRDA:18,1,1,2
BRDA:19,2,0,2
BRDA:19,2,1,0
BRF:6
BRH:5
end_of_record
TN:
SF:/home/mike/development/weather-app/src/entities/locations/reducers.js
FN:5,byId
FN:14,currentId
FNF:2
FNH:2
FNDA:12,byId
FNDA:12,currentId
DA:6,12
DA:8,1
DA:10,11
DA:15,12
DA:17,1
DA:19,11
LF:6
LH:6
BRDA:5,0,0,10
BRDA:5,1,0,1
BRDA:6,2,0,1
BRDA:6,2,1,11
BRDA:14,3,0,10
BRDA:14,4,0,1
BRDA:15,5,0,1
BRDA:15,5,1,11
BRF:8
BRH:8
end_of_record
TN:
SF:/home/mike/development/weather-app/src/entities/locations/selectors.js
FN:1,getCurrentLocation
FNF:1
FNH:1
FNDA:6,getCurrentLocation
DA:2,6
LF:1
LH:1
BRF:0
BRH:0
end_of_record
TN:
SF:/home/mike/development/weather-app/src/store/middleware.js
FN:1,thunkMiddleware
FN:2,(anonymous_1)
FN:2,(anonymous_2)
FN:2,(anonymous_3)
FNF:4
FNH:3
FNDA:1,thunkMiddleware
FNDA:1,(anonymous_1)
FNDA:1,(anonymous_2)
FNDA:0,(anonymous_3)
DA:2,1
DA:3,0
DA:4,0
DA:7,0
LF:4
LH:1
BRDA:3,0,0,0
BRDA:3,0,1,0
BRF:2
BRH:0
end_of_record
TN:
SF:/home/mike/development/weather-app/src/store/reducer.js
FN:5,createReducer
FNF:1
FNH:1
FNDA:1,createReducer
DA:6,1
LF:1
LH:1
BRF:0
BRH:0
end_of_record
TN:
SF:/home/mike/development/weather-app/src/store/store.js
FN:6,configureStore
FN:10,(anonymous_1)
FNF:2
FNH:2
FNDA:1,configureStore
FNDA:1,(anonymous_1)
DA:8,1
DA:10,1
DA:12,1
LF:3
LH:3
BRDA:6,0,0,0
BRDA:10,1,0,0
BRDA:10,1,1,1
BRF:3
BRH:1
end_of_record
TN:
SF:/home/mike/development/weather-app/src/views/App.js
FN:9,(anonymous_0)
FNF:1
FNH:1
FNDA:1,(anonymous_0)
DA:10,1
LF:1
LH:1
BRF:0
BRH:0
end_of_record
TN:
SF:/home/mike/development/weather-app/src/views/forecasts/components/Forecast/Forecast.js
FN:8,(anonymous_0)
FN:19,(anonymous_1)
FNF:2
FNH:2
FNDA:3,(anonymous_0)
FNDA:1,(anonymous_1)
DA:9,3
DA:10,3
DA:11,2
DA:14,1
DA:20,1
LF:5
LH:5
BRDA:10,0,0,2
BRDA:10,0,1,1
BRF:2
BRH:2
end_of_record
TN:
SF:/home/mike/development/weather-app/src/views/forecasts/components/ForecastDay/ForecastDay.js
FN:6,(anonymous_0)
FN:18,(anonymous_1)
FNF:2
FNH:2
FNDA:1,(anonymous_0)
FNDA:1,(anonymous_1)
DA:7,1
DA:8,1
DA:9,1
DA:11,1
DA:19,1
LF:5
LH:5
BRF:0
BRH:0
end_of_record
TN:
SF:/home/mike/development/weather-app/src/views/forecasts/containers/ForecastContainer.js
FN:8,(anonymous_0)
FNF:1
FNH:1
FNDA:1,(anonymous_0)
DA:8,1
LF:1
LH:1
BRF:0
BRH:0
end_of_record
TN:
SF:/home/mike/development/weather-app/src/views/locations/components/LocationSearch/LocationSearch.js
FN:6,(anonymous_0)
FN:11,(anonymous_1)
FN:15,(anonymous_2)
FN:19,(anonymous_3)
FN:26,(anonymous_4)
FNF:5
FNH:4
FNDA:3,(anonymous_0)
FNDA:0,(anonymous_1)
FNDA:2,(anonymous_2)
FNDA:1,(anonymous_3)
FNDA:5,(anonymous_4)
DA:7,3
DA:8,3
DA:12,0
DA:16,2
DA:21,1
DA:22,1
DA:27,5
DA:28,5
DA:29,5
DA:31,5
LF:10
LH:9
BRDA:21,0,0,1
BRDA:21,0,1,0
BRF:2
BRH:1
end_of_record
TN:
SF:/home/mike/development/weather-app/src/views/locations/containers/LocationSearchContainer.js
FN:6,(anonymous_0)
FN:7,(anonymous_1)
FNF:2
FNH:1
FNDA:1,(anonymous_0)
FNDA:0,(anonymous_1)
DA:6,1
DA:8,0
LF:2
LH:1
BRF:0
BRH:0
end_of_record
